using = Identificador
Constructor lenguaje
System = Identificador
; = FinSentencia
using = Identificador
System = Identificador
. = Caracter
Collections = Identificador
. = Caracter
Generic = Identificador
; = FinSentencia
using = Identificador
System = Identificador
. = Caracter
Linq = Identificador
; = FinSentencia
using = Identificador
System = Identificador
. = Caracter
Threading = Identificador
. = Caracter
Tasks = Identificador
; = FinSentencia
char = TipoDato
a = Identificador
, = Caracter
b = Identificador
, = Caracter
c = Identificador
, = Caracter
d = Identificador
; = FinSentencia
int = TipoDato
radio = Identificador
; = FinSentencia
float = TipoDato
area = Identificador
; = FinSentencia
static = Identificador
void = Identificador
Main = Identificador
( = Caracter
string = Identificador
[ = Caracter
] = Caracter
args = Identificador
) = Caracter
{ = InicioBloque
area = Identificador
= = Asignacion
radio = Identificador
* = OperadorFactor
radio = Identificador
; = FinSentencia
x = Identificador
= = Asignacion
( = Caracter
3 = Numero
+ = OperadorTermino
5 = Numero
) = Caracter
* = OperadorFactor
8 = Numero
- = OperadorTermino
( = Caracter
10 = Numero
- = OperadorTermino
4 = Numero
) = Caracter
/ = OperadorFactor
2 = Numero
; = FinSentencia
b = Identificador
= = Asignacion
0 = Numero
; = FinSentencia
c = Identificador
= = Asignacion
10 = Numero
; = FinSentencia
d = Identificador
= = Asignacion
b = Identificador
+ = OperadorTermino
c = Identificador
; = FinSentencia
} = FinBloque
 = FinBloque
Hay 16 líneas en el archivo prueba.cpp
